<?xml version="1.0" encoding="UTF-8"?>
<!-- Generated by org.testng.reporters.JUnitXMLReporter -->
<testsuite ignored="0" hostname="LAPTOP-H45TC6HL" failures="0" tests="1" name="edgeTest" time="0.046" errors="0" timestamp="2022-07-08T19:30:23 IST">
  <testcase classname="projectname.genericLib.BaseClass" name="@BeforeClass launchBrowser" time="0.0">
    <failure type="java.lang.IllegalStateException" message="The driver executable must exist: C:\selenium\edgedriver_win64\edgedriver.exe">
      <![CDATA[java.lang.IllegalStateException: The driver executable must exist: C:\selenium\edgedriver_win64\edgedriver.exe
at org.openqa.selenium.internal.Require$FileStateChecker.isFile(Require.java:342)
at org.openqa.selenium.remote.service.DriverService.checkExecutable(DriverService.java:147)
at org.openqa.selenium.remote.service.DriverService.findExecutable(DriverService.java:142)
at org.openqa.selenium.edge.EdgeDriverService.access$000(EdgeDriverService.java:40)
at org.openqa.selenium.edge.EdgeDriverService$Builder.findDefaultExecutable(EdgeDriverService.java:176)
at org.openqa.selenium.remote.service.DriverService$Builder.build(DriverService.java:437)
at org.openqa.selenium.edge.EdgeDriver.<init>(EdgeDriver.java:44)
at org.openqa.selenium.edge.EdgeDriver.<init>(EdgeDriver.java:41)
at projectname.genericLib.BaseClass.launchBrowser(BaseClass.java:32)
at java.base/java.util.ArrayList.forEach(ArrayList.java:1511)
... Removed 25 stack frames]]>
    </failure>
  </testcase> <!-- @BeforeClass launchBrowser -->
  <testcase classname="projectname.genericLib.BaseClass" name="@BeforeMethod loginApp" time="0.0">
    <failure type="java.lang.NullPointerException" message="Cannot invoke &amp;quot;org.openqa.selenium.WebDriver.get(String)&amp;quot; because &amp;quot;this.driver&amp;quot; is null">
      <![CDATA[java.lang.NullPointerException: Cannot invoke "org.openqa.selenium.WebDriver.get(String)" because "this.driver" is null
at projectname.genericLib.BaseClass.loginApp(BaseClass.java:43)
at java.base/java.util.ArrayList.forEach(ArrayList.java:1511)
... Removed 31 stack frames]]>
    </failure>
  </testcase> <!-- @BeforeMethod loginApp -->
  <testcase classname="projectname.genericLib.BaseClass" name="@AfterMethod logoutApp" time="-1.657288823585E9">
    <skipped/>
  </testcase> <!-- @AfterMethod logoutApp -->
  <testcase classname="projectname.genericLib.BaseClass" name="@AfterClass close" time="-1.6572888236E9">
    <skipped/>
  </testcase> <!-- @AfterClass close -->
  <testcase classname="projectname.testscript.CreateCustomer" name="createCust" time="0.0">
    <skipped/>
  </testcase> <!-- createCust -->
</testsuite> <!-- edgeTest -->
